###########################################################
Wellington Fast Assessment of Reactions - Hückel MO Theory
 __      __   _ _ ___ _   ___     _  _ __  __  ___        
 \ \    / /__| | | __/_\ | _ \___| || |  \/  |/ _ \       
  \ \/\/ / -_) | | _/ _ \|   / -_) __ | |\/| | (_)|       
   \_/\_/\___|_|_|_/_/ \_\_|_\___|_||_|_|  |_|\___/       
                                              Version 0.01
    WellFAReHMO Copyright (C) 2015 Matthias Lein          
   This program comes with ABSOLUTELY NO WARRANTY         
    This is free software, and you are welcome to         
      redistribute it under certain conditions.           
Program started at: 2017/06/24 08:38:02
###########################################################


Setting up WellFARe molecule:  HMO Molecule
Reading XYZ file:  cnt-2-1_2.xyz
Running EHT calculation with 64 atoms and 232 basis functions.
Calculating overlap matrix ...
Screening overlap matrix elements with threshold 1.00e-06
6337 out of 27028 overlap matrix elements are numerically significant (23.45%).
Calculating EHT Hamiltonian matrix ...
Diagonalizing ...
HOMO - LUMO gap:   3.125341e-03 Hartree     0.085045 eV
Total HMO Energy:    -135.10862948

###############################################################################
  ___                                ___         _    
 | _ \_ _ ___  __ _ _ _ __ _ _ __   | __|_ _  __| |___
 |  _/ '_/ _ \/ _` | '_/ _` | '  \  | _|| ' \/ _` (_-<
 |_| |_| \___/\__, |_| \__,_|_|_|_| |___|_||_\__,_/__/
              |___/                                   
Program terminated at: 2017/06/24 08:38:49
###############################################################################
