###########################################################
Wellington Fast Assessment of Reactions - Hückel MO Theory
 __      __   _ _ ___ _   ___     _  _ __  __  ___        
 \ \    / /__| | | __/_\ | _ \___| || |  \/  |/ _ \       
  \ \/\/ / -_) | | _/ _ \|   / -_) __ | |\/| | (_)|       
   \_/\_/\___|_|_|_/_/ \_\_|_\___|_||_|_|  |_|\___/       
                                              Version 0.01
    WellFAReHMO Copyright (C) 2015 Matthias Lein          
   This program comes with ABSOLUTELY NO WARRANTY         
    This is free software, and you are welcome to         
      redistribute it under certain conditions.           
Program started at: 2017/06/24 21:48:42
###########################################################


Setting up WellFARe molecule:  HMO Molecule
Reading XYZ file:  examples/cnt-6-6_30.xyz
Running EHT calculation with 744 atoms and 2904 basis functions.
Screening overlap matrix elements with threshold 1.00e-05
Pre-screening reduced function pairs from 4218060 to 1330236 (31.54%).
Calculating overlap matrix with dynamical screening threshold 4.
113272 out of 4218060 overlap matrix elements are numerically significant (2.69%).
Calculating EHT Hamiltonian matrix ...
Diagonalizing ...
HOMO - LUMO gap:   7.835235e-05 Hartree     0.002132 eV
Total HMO Energy:   -1717.40006788

###############################################################################
  ___                                ___         _    
 | _ \_ _ ___  __ _ _ _ __ _ _ __   | __|_ _  __| |___
 |  _/ '_/ _ \/ _` | '_/ _` | '  \  | _|| ' \/ _` (_-<
 |_| |_| \___/\__, |_| \__,_|_|_|_| |___|_||_\__,_/__/
              |___/                                   
Program terminated at: 2017/06/24 21:59:30
###############################################################################
