###########################################################
Wellington Fast Assessment of Reactions - Hückel MO Theory
 __      __   _ _ ___ _   ___     _  _ __  __  ___        
 \ \    / /__| | | __/_\ | _ \___| || |  \/  |/ _ \       
  \ \/\/ / -_) | | _/ _ \|   / -_) __ | |\/| | (_)|       
   \_/\_/\___|_|_|_/_/ \_\_|_\___|_||_|_|  |_|\___/       
                                              Version 0.01
    WellFAReHMO Copyright (C) 2015 Matthias Lein          
   This program comes with ABSOLUTELY NO WARRANTY         
    This is free software, and you are welcome to         
      redistribute it under certain conditions.           
Program started at: 2017/06/24 17:43:23
###########################################################


Setting up WellFARe molecule:  HMO Molecule
Reading XYZ file:  examples/cnt-6-6_10.xyz
Running EHT calculation with 264 atoms and 984 basis functions.
Calculating overlap matrix ...
Screening overlap matrix elements with threshold 1.00e-04
Pre-screening reduced function pairs from 484620 to 302748 (62.47%).
25036 out of 484620 overlap matrix elements are numerically significant (5.17%).
Calculating EHT Hamiltonian matrix ...
Diagonalizing ...
HOMO - LUMO gap:   1.975904e-07 Hartree     0.000005 eV
Total HMO Energy:    -582.83605544

###############################################################################
  ___                                ___         _    
 | _ \_ _ ___  __ _ _ _ __ _ _ __   | __|_ _  __| |___
 |  _/ '_/ _ \/ _` | '_/ _` | '  \  | _|| ' \/ _` (_-<
 |_| |_| \___/\__, |_| \__,_|_|_|_| |___|_||_\__,_/__/
              |___/                                   
Program terminated at: 2017/06/24 17:52:39
###############################################################################
