###########################################################
Wellington Fast Assessment of Reactions - Hückel MO Theory
 __      __   _ _ ___ _   ___     _  _ __  __  ___        
 \ \    / /__| | | __/_\ | _ \___| || |  \/  |/ _ \       
  \ \/\/ / -_) | | _/ _ \|   / -_) __ | |\/| | (_)|       
   \_/\_/\___|_|_|_/_/ \_\_|_\___|_||_|_|  |_|\___/       
                                              Version 0.01
    WellFAReHMO Copyright (C) 2015 Matthias Lein          
   This program comes with ABSOLUTELY NO WARRANTY         
    This is free software, and you are welcome to         
      redistribute it under certain conditions.           
Program started at: 2017/06/24 21:45:38
###########################################################


Setting up WellFARe molecule:  HMO Molecule
Reading XYZ file:  examples/cnt-6-6_5.xyz
Running EHT calculation with 144 atoms and 504 basis functions.
Screening overlap matrix elements with threshold 1.00e-05
Pre-screening reduced function pairs from 127260 to 127260 (100.00%).
Calculating overlap matrix with dynamical screening threshold 4.
17018 out of 127260 overlap matrix elements are numerically significant (13.37%).
Calculating EHT Hamiltonian matrix ...
Diagonalizing ...
HOMO - LUMO gap:   8.707568e-05 Hartree     0.002369 eV
Total HMO Energy:    -299.17197702

###############################################################################
  ___                                ___         _    
 | _ \_ _ ___  __ _ _ _ __ _ _ __   | __|_ _  __| |___
 |  _/ '_/ _ \/ _` | '_/ _` | '  \  | _|| ' \/ _` (_-<
 |_| |_| \___/\__, |_| \__,_|_|_|_| |___|_||_\__,_/__/
              |___/                                   
Program terminated at: 2017/06/24 21:47:13
###############################################################################
