###########################################################
Wellington Fast Assessment of Reactions - Hückel MO Theory
 __      __   _ _ ___ _   ___     _  _ __  __  ___        
 \ \    / /__| | | __/_\ | _ \___| || |  \/  |/ _ \       
  \ \/\/ / -_) | | _/ _ \|   / -_) __ | |\/| | (_)|       
   \_/\_/\___|_|_|_/_/ \_\_|_\___|_||_|_|  |_|\___/       
                                              Version 0.01
    WellFAReHMO Copyright (C) 2015 Matthias Lein          
   This program comes with ABSOLUTELY NO WARRANTY         
    This is free software, and you are welcome to         
      redistribute it under certain conditions.           
Program started at: 2017/06/24 15:55:52
###########################################################


Setting up WellFARe molecule:  HMO Molecule
Reading XYZ file:  cnt-2-1_5.xyz
Running EHT calculation with 148 atoms and 568 basis functions.
Calculating overlap matrix ...
Screening overlap matrix elements with threshold 1.00e-08
20712 out of 161596 overlap matrix elements are numerically significant (12.82%).
Calculating EHT Hamiltonian matrix ...
Diagonalizing ...
HOMO - LUMO gap:   1.260014e-04 Hartree     0.003429 eV
Total HMO Energy:    -329.88199658

###############################################################################
  ___                                ___         _    
 | _ \_ _ ___  __ _ _ _ __ _ _ __   | __|_ _  __| |___
 |  _/ '_/ _ \/ _` | '_/ _` | '  \  | _|| ' \/ _` (_-<
 |_| |_| \___/\__, |_| \__,_|_|_|_| |___|_||_\__,_/__/
              |___/                                   
Program terminated at: 2017/06/24 15:58:56
###############################################################################
