###########################################################
Wellington Fast Assessment of Reactions - Hückel MO Theory
 __      __   _ _ ___ _   ___     _  _ __  __  ___        
 \ \    / /__| | | __/_\ | _ \___| || |  \/  |/ _ \       
  \ \/\/ / -_) | | _/ _ \|   / -_) __ | |\/| | (_)|       
   \_/\_/\___|_|_|_/_/ \_\_|_\___|_||_|_|  |_|\___/       
                                              Version 0.01
    WellFAReHMO Copyright (C) 2015 Matthias Lein          
   This program comes with ABSOLUTELY NO WARRANTY         
    This is free software, and you are welcome to         
      redistribute it under certain conditions.           
Program started at: 2017/06/24 16:25:32
###########################################################


Setting up WellFARe molecule:  HMO Molecule
Reading XYZ file:  examples/cnt-6-6_5.xyz
Running EHT calculation with 144 atoms and 504 basis functions.
Calculating overlap matrix ...
Screening overlap matrix elements with threshold 1.00e-06
23355 out of 127260 overlap matrix elements are numerically significant (18.35%).
Calculating EHT Hamiltonian matrix ...
Diagonalizing ...
HOMO - LUMO gap:   8.820426e-05 Hartree     0.002400 eV
Total HMO Energy:    -299.17196607

###############################################################################
  ___                                ___         _    
 | _ \_ _ ___  __ _ _ _ __ _ _ __   | __|_ _  __| |___
 |  _/ '_/ _ \/ _` | '_/ _` | '  \  | _|| ' \/ _` (_-<
 |_| |_| \___/\__, |_| \__,_|_|_|_| |___|_||_\__,_/__/
              |___/                                   
Program terminated at: 2017/06/24 16:29:21
###############################################################################
